current directory: /Users/zizimaza/Druify/bundle/ruby/2.1.0/gems/unicorn-5.1.0/ext/unicorn_http
/Users/zizimaza/.rvm/rubies/ruby-2.1.2/bin/ruby -r ./siteconf20160907-74054-lo3z5j.rb extconf.rb
checking for SIZEOF_OFF_T in ruby.h... yes
checking for SIZEOF_SIZE_T in ruby.h... yes
checking for SIZEOF_LONG in ruby.h... yes
checking for rb_str_set_len() in ruby.h... yes
checking for rb_hash_clear() in ruby.h... yes
checking for gmtime_r() in time.h... yes
creating Makefile

To see why this extension failed to compile, please check the mkmf.log which can be found here:

  /Users/zizimaza/Druify/bundle/ruby/2.1.0/extensions/x86_64-darwin-13/2.1.0-static/unicorn-5.1.0/mkmf.log

current directory: /Users/zizimaza/Druify/bundle/ruby/2.1.0/gems/unicorn-5.1.0/ext/unicorn_http
make "DESTDIR=" clean

current directory: /Users/zizimaza/Druify/bundle/ruby/2.1.0/gems/unicorn-5.1.0/ext/unicorn_http
make "DESTDIR="
compiling httpdate.c
compiling unicorn_http.c
linking shared-object unicorn_http.bundle
ld: warning: directory not found for option '-L/Users/travis/.sm/pkg/active/lib'

current directory: /Users/zizimaza/Druify/bundle/ruby/2.1.0/gems/unicorn-5.1.0/ext/unicorn_http
make "DESTDIR=" install
/usr/bin/install -m 0755 unicorn_http.bundle ./.gem.20160907-74054-18uwxiq
installing default unicorn_http libraries
